<?xml version="1.0" encoding="UTF-8"?>
<!-- Generated by org.testng.reporters.JUnitXMLReporter -->
<testsuite ignored="0" hostname="Preethi" failures="0" tests="4" name="Test" time="1.557" errors="0" timestamp="2023-01-15T19:07:23 IST">
  <testcase classname="Testcase.Searchresult" name="result" time="0.73"/>
  <testcase classname="Testcase.Short" name="video" time="0.316"/>
  <testcase classname="Testcase.His" name="history" time="0.229"/>
  <testcase classname="Testcase.Subscription" name="subs" time="0.164"/>
</testsuite> <!-- Test -->
