<?xml version="1.0" encoding="UTF-8"?>
<testng-results ignored="0" total="2" passed="2" failed="0" skipped="0">
  <reporter-output>
  </reporter-output>
  <suite started-at="2023-01-14T19:03:16 IST" name="Suite" finished-at="2023-01-14T19:03:17 IST" duration-ms="949">
    <groups>
    </groups>
    <test started-at="2023-01-14T19:03:16 IST" name="Test" finished-at="2023-01-14T19:03:17 IST" duration-ms="949">
      <class name="Testcase.Short">
        <test-method signature="video()[pri:1, instance:Testcase.Short@2b8bb184]" started-at="2023-01-14T19:03:16 IST" name="video" finished-at="2023-01-14T19:03:17 IST" duration-ms="205" status="PASS">
          <reporter-output>
          </reporter-output>
        </test-method> <!-- video -->
      </class> <!-- Testcase.Short -->
      <class name="Testcase.Searchresult">
        <test-method is-config="true" signature="launch()[pri:0, instance:Testcase.Searchresult@44bd4b0a]" started-at="2023-01-14T19:03:13 IST" name="launch" finished-at="2023-01-14T19:03:16 IST" duration-ms="2773" status="PASS">
          <reporter-output>
          </reporter-output>
        </test-method> <!-- launch -->
        <test-method signature="result()[pri:0, instance:Testcase.Searchresult@44bd4b0a]" started-at="2023-01-14T19:03:16 IST" name="result" finished-at="2023-01-14T19:03:16 IST" duration-ms="649" status="PASS">
          <reporter-output>
          </reporter-output>
        </test-method> <!-- result -->
      </class> <!-- Testcase.Searchresult -->
    </test> <!-- Test -->
  </suite> <!-- Suite -->
</testng-results>
